<?xml version="1.0" encoding="UTF-8"?>
<!-- Generated by org.testng.reporters.JUnitReportReporter -->
<testsuite hostname="LPCL-PG0340BY" failures="0" tests="1" name="ExtentReport.ReportTest" time="36.601" errors="0" timestamp="2023-01-18T18:03:44 IST" skipped="0">
  <testcase classname="ExtentReport.ReportTest" name="VerifyTitle" time="36.601"/>
  <system-out/>
</testsuite> <!-- ExtentReport.ReportTest -->
