<?xml version="1.0" encoding="UTF-8"?>
<!-- Generated by org.testng.reporters.JUnitReportReporter -->
<testsuite hostname="LPCL-PG0340BY" failures="0" tests="1" name="ExtentReport.ExtentReportTest" time="52.348" errors="0" timestamp="2023-01-18T15:06:07 IST" skipped="0">
  <testcase classname="ExtentReport.ExtentReportTest" name="LoginToApplication" time="52.348"/>
  <system-out/>
</testsuite> <!-- ExtentReport.ExtentReportTest -->
