<?xml version="1.0" encoding="UTF-8"?>
<!-- Generated by org.testng.reporters.JUnitReportReporter -->
<testsuite hostname="LPCL-PG0340BY" failures="0" tests="2" name="ReportTestPackage.CheckoutTest" time="12.826" errors="0" timestamp="2023-01-25T17:41:42 IST" skipped="0">
  <testcase classname="ReportTestPackage.CheckoutTest" name="launchBrowser" time="1.818"/>
  <system-out/>
  <testcase classname="ReportTestPackage.CheckoutTest" name="RecordPage" time="11.008"/>
  <system-out/>
</testsuite> <!-- ReportTestPackage.CheckoutTest -->
